<?xml version="1.0" encoding="UTF-8"?>
<!-- Generated by org.testng.reporters.JUnitXMLReporter -->
<testsuite hostname="SUN-HSINGH2" ignored="0" name="suiteB" tests="4" failures="0" timestamp="2022-05-25T20:45:09 EDT" time="1.09" errors="0">
  <testcase name="Test1" time="0.014" classname="SuiteB.TestNGDemo1"/>
  <testcase name="Test1" time="0.014" classname="SuiteB.TestNGDemo2"/>
  <testcase name="Test2" time="1.015" classname="SuiteB.TestNGDemo2"/>
  <testcase name="Test2" time="1.015" classname="SuiteB.TestNGDemo1"/>
</testsuite> <!-- suiteB -->
